This file contains any messages produced by compilers while
running configure, to aid debugging if configure makes a mistake.

It was created by configure, which was
generated by GNU Autoconf 2.68.  Invocation command line was

  $ ./configure --disable-option-checking --prefix=/usr/local --cache-file=../config.cache --srcdir=.

## --------- ##
## Platform. ##
## --------- ##

hostname = Ambroise-Precision-Tower-3620
uname -m = x86_64
uname -r = 4.4.0-36-generic
uname -s = Linux
uname -v = #55-Ubuntu SMP Thu Aug 11 18:01:55 UTC 2016

/usr/bin/uname -p = unknown
/bin/uname -X     = unknown

/bin/arch              = unknown
/usr/bin/arch -k       = unknown
/usr/convex/getsysinfo = unknown
/usr/bin/hostinfo      = unknown
/bin/machine           = unknown
/usr/bin/oslevel       = unknown
/bin/universe          = unknown

PATH: /home/juan//bin
PATH: /home/juan//.local/bin
PATH: /usr/local/sbin
PATH: /usr/local/bin
PATH: /usr/sbin
PATH: /usr/bin
PATH: /sbin
PATH: /bin
PATH: /usr/games
PATH: /usr/local/games
PATH: /snap/bin


## ----------- ##
## Core tests. ##
## ----------- ##

configure:1928: loading cache ../config.cache
configure:2045: checking build system type
configure:2059: result: x86_64-unknown-linux-gnu
configure:2079: checking host system type
configure:2092: result: x86_64-unknown-linux-gnu
configure:2112: checking target system type
configure:2125: result: x86_64-unknown-linux-gnu
configure:2244: checking for gcc
configure:2271: result: gcc
configure:2500: checking for C compiler version
configure:2509: gcc --version >&5
gcc (Ubuntu 5.4.0-6ubuntu1~16.04.2) 5.4.0 20160609
Copyright (C) 2015 Free Software Foundation, Inc.
This is free software; see the source for copying conditions.  There is NO
warranty; not even for MERCHANTABILITY or FITNESS FOR A PARTICULAR PURPOSE.

configure:2520: $? = 0
configure:2509: gcc -v >&5
Using built-in specs.
COLLECT_GCC=gcc
COLLECT_LTO_WRAPPER=/usr/lib/gcc/x86_64-linux-gnu/5/lto-wrapper
Target: x86_64-linux-gnu
Configured with: ../src/configure -v --with-pkgversion='Ubuntu 5.4.0-6ubuntu1~16.04.2' --with-bugurl=file:///usr/share/doc/gcc-5/README.Bugs --enable-languages=c,ada,c++,java,go,d,fortran,objc,obj-c++ --prefix=/usr --program-suffix=-5 --enable-shared --enable-linker-build-id --libexecdir=/usr/lib --without-included-gettext --enable-threads=posix --libdir=/usr/lib --enable-nls --with-sysroot=/ --enable-clocale=gnu --enable-libstdcxx-debug --enable-libstdcxx-time=yes --with-default-libstdcxx-abi=new --enable-gnu-unique-object --disable-vtable-verify --enable-libmpx --enable-plugin --with-system-zlib --disable-browser-plugin --enable-java-awt=gtk --enable-gtk-cairo --with-java-home=/usr/lib/jvm/java-1.5.0-gcj-5-amd64/jre --enable-java-home --with-jvm-root-dir=/usr/lib/jvm/java-1.5.0-gcj-5-amd64 --with-jvm-jar-dir=/usr/lib/jvm-exports/java-1.5.0-gcj-5-amd64 --with-arch-directory=amd64 --with-ecj-jar=/usr/share/java/eclipse-ecj.jar --enable-objc-gc --enable-multiarch --disable-werror --with-arch-32=i686 --with-abi=m64 --with-multilib-list=m32,m64,mx32 --enable-multilib --with-tune=generic --enable-checking=release --build=x86_64-linux-gnu --host=x86_64-linux-gnu --target=x86_64-linux-gnu
Thread model: posix
gcc version 5.4.0 20160609 (Ubuntu 5.4.0-6ubuntu1~16.04.2) 
configure:2520: $? = 0
configure:2509: gcc -V >&5
gcc: error: unrecognized command line option '-V'
gcc: fatal error: no input files
compilation terminated.
configure:2520: $? = 1
configure:2509: gcc -qversion >&5
gcc: error: unrecognized command line option '-qversion'
gcc: fatal error: no input files
compilation terminated.
configure:2520: $? = 1
configure:2540: checking whether the C compiler works
configure:2562: gcc    conftest.c  >&5
configure:2566: $? = 0
configure:2614: result: yes
configure:2617: checking for C compiler default output file name
configure:2619: result: a.out
configure:2625: checking for suffix of executables
configure:2632: gcc -o conftest    conftest.c  >&5
configure:2636: $? = 0
configure:2658: result: 
configure:2680: checking whether we are cross compiling
configure:2688: gcc -o conftest    conftest.c  >&5
configure:2692: $? = 0
configure:2699: ./conftest
configure:2703: $? = 0
configure:2718: result: no
configure:2723: checking for suffix of object files
configure:2770: result: o
configure:2774: checking whether we are using the GNU C compiler
configure:2802: result: yes
configure:2811: checking whether gcc accepts -g
configure:2872: result: yes
configure:2889: checking for gcc option to accept ISO C89
configure:2966: result: none needed
configure:3045: checking for g++
configure:3072: result: g++
configure:3099: checking for C++ compiler version
configure:3108: g++ --version >&5
g++ (Ubuntu 5.4.0-6ubuntu1~16.04.2) 5.4.0 20160609
Copyright (C) 2015 Free Software Foundation, Inc.
This is free software; see the source for copying conditions.  There is NO
warranty; not even for MERCHANTABILITY or FITNESS FOR A PARTICULAR PURPOSE.

configure:3119: $? = 0
configure:3108: g++ -v >&5
Using built-in specs.
COLLECT_GCC=g++
COLLECT_LTO_WRAPPER=/usr/lib/gcc/x86_64-linux-gnu/5/lto-wrapper
Target: x86_64-linux-gnu
Configured with: ../src/configure -v --with-pkgversion='Ubuntu 5.4.0-6ubuntu1~16.04.2' --with-bugurl=file:///usr/share/doc/gcc-5/README.Bugs --enable-languages=c,ada,c++,java,go,d,fortran,objc,obj-c++ --prefix=/usr --program-suffix=-5 --enable-shared --enable-linker-build-id --libexecdir=/usr/lib --without-included-gettext --enable-threads=posix --libdir=/usr/lib --enable-nls --with-sysroot=/ --enable-clocale=gnu --enable-libstdcxx-debug --enable-libstdcxx-time=yes --with-default-libstdcxx-abi=new --enable-gnu-unique-object --disable-vtable-verify --enable-libmpx --enable-plugin --with-system-zlib --disable-browser-plugin --enable-java-awt=gtk --enable-gtk-cairo --with-java-home=/usr/lib/jvm/java-1.5.0-gcj-5-amd64/jre --enable-java-home --with-jvm-root-dir=/usr/lib/jvm/java-1.5.0-gcj-5-amd64 --with-jvm-jar-dir=/usr/lib/jvm-exports/java-1.5.0-gcj-5-amd64 --with-arch-directory=amd64 --with-ecj-jar=/usr/share/java/eclipse-ecj.jar --enable-objc-gc --enable-multiarch --disable-werror --with-arch-32=i686 --with-abi=m64 --with-multilib-list=m32,m64,mx32 --enable-multilib --with-tune=generic --enable-checking=release --build=x86_64-linux-gnu --host=x86_64-linux-gnu --target=x86_64-linux-gnu
Thread model: posix
gcc version 5.4.0 20160609 (Ubuntu 5.4.0-6ubuntu1~16.04.2) 
configure:3119: $? = 0
configure:3108: g++ -V >&5
g++: error: unrecognized command line option '-V'
g++: fatal error: no input files
compilation terminated.
configure:3119: $? = 1
configure:3108: g++ -qversion >&5
g++: error: unrecognized command line option '-qversion'
g++: fatal error: no input files
compilation terminated.
configure:3119: $? = 1
configure:3123: checking whether we are using the GNU C++ compiler
configure:3151: result: yes
configure:3160: checking whether g++ accepts -g
configure:3221: result: yes
configure:3249: checking default C compiler
configure:3257: result: gcc
configure:3259: checking default compiler flags
configure:3270: result: -O
configure:3312: checking for special C compiler options needed for large files
configure:3357: result: no
configure:3363: checking for _FILE_OFFSET_BITS value needed for large files
configure:3420: result: no
configure:3518: checking for a BSD-compatible install
configure:3586: result: /usr/bin/install -c
configure:3599: checking for ar
configure:3629: result: /usr/bin/ar
configure:3639: checking for ranlib
configure:3670: result: /usr/bin/ranlib
configure:3680: checking for perl
configure:3711: result: /usr/bin/perl
configure:3725: checking how to run the C preprocessor
configure:3795: result: gcc -E
configure:3815: gcc -E  conftest.c
configure:3815: $? = 0
configure:3829: gcc -E  conftest.c
conftest.c:9:28: fatal error: ac_nonexistent.h: No such file or directory
compilation terminated.
configure:3829: $? = 1
configure: failed program was:
| /* confdefs.h */
| #define PACKAGE_NAME ""
| #define PACKAGE_TARNAME ""
| #define PACKAGE_VERSION ""
| #define PACKAGE_STRING ""
| #define PACKAGE_BUGREPORT ""
| #define PACKAGE_URL ""
| /* end confdefs.h.  */
| #include <ac_nonexistent.h>
configure:3858: checking for grep that handles long lines and -e
configure:3916: result: /bin/grep
configure:3921: checking for egrep
configure:3983: result: /bin/grep -E
configure:3988: checking for ANSI C header files
configure:4092: result: yes
configure:4105: checking for sys/types.h
configure:4105: result: yes
configure:4105: checking for sys/stat.h
configure:4105: result: yes
configure:4105: checking for stdlib.h
configure:4105: result: yes
configure:4105: checking for string.h
configure:4105: result: yes
configure:4105: checking for memory.h
configure:4105: result: yes
configure:4105: checking for strings.h
configure:4105: result: yes
configure:4105: checking for inttypes.h
configure:4105: result: yes
configure:4105: checking for stdint.h
configure:4105: result: yes
configure:4105: checking for unistd.h
configure:4105: result: yes
configure:4117: checking whether byte ordering is bigendian
configure:4323: result: no
configure:4342: checking for ANSI C header files
configure:4446: result: yes
configure:4589: checking for -lsp
configure:4614: gcc -o conftest -O -I   conftest.c -L -lsp -lutil -lm  >&5
/usr/lib/gcc/x86_64-linux-gnu/5/../../../x86_64-linux-gnu/crt1.o: In function `_start':
(.text+0x20): undefined reference to `main'
collect2: error: ld returned 1 exit status
configure:4614: $? = 1
configure: failed program was:
| /* confdefs.h */
| #define PACKAGE_NAME ""
| #define PACKAGE_TARNAME ""
| #define PACKAGE_VERSION ""
| #define PACKAGE_STRING ""
| #define PACKAGE_BUGREPORT ""
| #define PACKAGE_URL ""
| #define STDC_HEADERS 1
| #define HAVE_SYS_TYPES_H 1
| #define HAVE_SYS_STAT_H 1
| #define HAVE_STDLIB_H 1
| #define HAVE_STRING_H 1
| #define HAVE_MEMORY_H 1
| #define HAVE_STRINGS_H 1
| #define HAVE_INTTYPES_H 1
| #define HAVE_STDINT_H 1
| #define HAVE_UNISTD_H 1
| #define STDC_HEADERS 1
| /* end confdefs.h.  */
| #include <sp/sphere.h>
| 		    int debug_level=4;
| int
| main ()
| {
| 		    sp_open("file", "r");
|   ;
|   return 0;
| }
configure:4624: result: "no"
configure:4626: WARNING: "failed to find sphere libs in  - sphere I/O not supported"
configure:4638: checking matlab directory
configure:4659: result: not found
configure:4661: WARNING: matlab I/O not supported
configure:4794: checking rasta path is saved in cache
configure:4804: result: /home/juan/software/icsi-scenic-tools-20120105/rasta
configure:4809: checking drspeech build path
configure:4816: result: /home/juan/software/icsi-scenic-tools-20120105/dpwelib-1.01 /home/juan/software/icsi-scenic-tools-20120105/quicknet-v3_31 
configure:4895: updating cache ../config.cache
configure:4945: creating ./config.status

## ---------------------- ##
## Running config.status. ##
## ---------------------- ##

This file was extended by config.status, which was
generated by GNU Autoconf 2.68.  Invocation command line was

  CONFIG_FILES    = 
  CONFIG_HEADERS  = 
  CONFIG_LINKS    = 
  CONFIG_COMMANDS = 
  $ ./config.status 

on Ambroise-Precision-Tower-3620

config.status:842: creating Makefile
config.status:842: creating create_mapping
config.status:842: creating rastaConfig.sh
config.status:842: creating config.h
config.status:1017: config.h is unchanged

## ---------------- ##
## Cache variables. ##
## ---------------- ##

ac_cv_build=x86_64-unknown-linux-gnu
ac_cv_c_bigendian=no
ac_cv_c_char_unsigned=no
ac_cv_c_compiler_gnu=yes
ac_cv_c_const=yes
ac_cv_c_inline=inline
ac_cv_cxx_compiler_gnu=yes
ac_cv_env_CCC_set=
ac_cv_env_CCC_value=
ac_cv_env_CC_set=
ac_cv_env_CC_value=
ac_cv_env_CFLAGS_set=
ac_cv_env_CFLAGS_value=
ac_cv_env_CPPFLAGS_set=
ac_cv_env_CPPFLAGS_value=
ac_cv_env_CPP_set=
ac_cv_env_CPP_value=
ac_cv_env_CXXFLAGS_set=
ac_cv_env_CXXFLAGS_value=
ac_cv_env_CXX_set=
ac_cv_env_CXX_value=
ac_cv_env_LDFLAGS_set=
ac_cv_env_LDFLAGS_value=
ac_cv_env_LD_set=
ac_cv_env_LD_value=
ac_cv_env_LIBS_set=
ac_cv_env_LIBS_value=
ac_cv_env_NVCCFLAGS_set=
ac_cv_env_NVCCFLAGS_value=
ac_cv_env_NVCC_set=
ac_cv_env_NVCC_value=
ac_cv_env_build_alias_set=
ac_cv_env_build_alias_value=
ac_cv_env_host_alias_set=
ac_cv_env_host_alias_value=
ac_cv_env_target_alias_set=
ac_cv_env_target_alias_value=
ac_cv_func__doprnt=no
ac_cv_func_expf=yes
ac_cv_func_fileno=yes
ac_cv_func_fsetpos=yes
ac_cv_func_gethostname=yes
ac_cv_func_gettimeofday=yes
ac_cv_func_hypot=yes
ac_cv_func_isatty=yes
ac_cv_func_popen=yes
ac_cv_func_set_new_handler=no
ac_cv_func_setvbuf=yes
ac_cv_func_sin=no
ac_cv_func_sqrtf=yes
ac_cv_func_strdup=yes
ac_cv_func_strerror=yes
ac_cv_func_strndup=yes
ac_cv_func_strstr=yes
ac_cv_func_tanhf=yes
ac_cv_func_vprintf=yes
ac_cv_have_decl_drand48=yes
ac_cv_have_decl_fseek=yes
ac_cv_have_decl_srand48=yes
ac_cv_have_decl_sys_errlist=yes
ac_cv_have_decl_sys_nerr=yes
ac_cv_header_dld_h=no
ac_cv_header_dlfcn_h=yes
ac_cv_header_errno_h=yes
ac_cv_header_fcntl_h=yes
ac_cv_header_float_h=yes
ac_cv_header_inttypes_h=yes
ac_cv_header_limits_h=yes
ac_cv_header_memory_h=yes
ac_cv_header_stdc=yes
ac_cv_header_stdint_h=yes
ac_cv_header_stdlib_h=yes
ac_cv_header_string_h=yes
ac_cv_header_strings_h=yes
ac_cv_header_sunmath_h=no
ac_cv_header_sys_audioio_h=no
ac_cv_header_sys_param_h=yes
ac_cv_header_sys_stat_h=yes
ac_cv_header_sys_time_h=yes
ac_cv_header_sys_types_h=yes
ac_cv_header_unistd_h=yes
ac_cv_host=x86_64-unknown-linux-gnu
ac_cv_lib_ieee_main=yes
ac_cv_lib_m_sqrt=yes
ac_cv_lib_pthread_pthread_create=yes
ac_cv_lib_rtst_rtst_exit=no
ac_cv_lib_sunmath_standard_arithmetic=no
ac_cv_objext=o
ac_cv_path_AR=/usr/bin/ar
ac_cv_path_EGREP='/bin/grep -E'
ac_cv_path_GREP=/bin/grep
ac_cv_path_PERL=/usr/bin/perl
ac_cv_path_PKG_CONFIG=/usr/bin/pkg-config
ac_cv_path_RANLIB=/usr/bin/ranlib
ac_cv_path_install='/usr/bin/install -c'
ac_cv_prog_CPP='gcc -E'
ac_cv_prog_ac_ct_CC=gcc
ac_cv_prog_ac_ct_CXX=g++
ac_cv_prog_ac_ct_RANLIB=ranlib
ac_cv_prog_ac_ct_STRIP=strip
ac_cv_prog_cc_c89=
ac_cv_prog_cc_g=yes
ac_cv_prog_cxx_g=yes
ac_cv_rtst=/usr/local/lib
ac_cv_sizeof_size_t=8
ac_cv_sys_file_offset_bits=no
ac_cv_sys_largefile_CC=no
ac_cv_sys_largefile_source=no
ac_cv_target=x86_64-unknown-linux-gnu
ac_cv_testdata=/usr/local/share/quicknet_testdata
ac_cv_type_long_long=yes
ac_cv_type_unsigned_long_long=yes
ac_cv_use_blas=no
ac_cv_use_veclib=no
acdpwe_cv_env_lib_path='/home/juan/software/icsi-scenic-tools-20120105/quicknet-v3_31 '
acdpwe_cv_env_path='/home/juan/software/icsi-scenic-tools-20120105/rasta /home/juan/software/icsi-scenic-tools-20120105/dpwelib-1.01 /home/juan/software/icsi-scenic-tools-20120105/quicknet-v3_31 '
acdpwe_cv_path_dpwelib=/home/juan/software/icsi-scenic-tools-20120105/dpwelib-1.01
acdpwe_cv_path_qn=/home/juan/software/icsi-scenic-tools-20120105/quicknet-v3_31
acdpwe_cv_path_rasta=/home/juan/software/icsi-scenic-tools-20120105/rasta
acdpwe_cv_pkg_name=icsi-scenic-tools
lt_cv_compiler_c_o=yes
lt_cv_compiler_o_lo=yes
lt_cv_deplibs_check_method=pass_all
lt_cv_file_magic_cmd='$MAGIC_CMD'
lt_cv_file_magic_test_file='/lib/libc.so* /lib/libc-*.so'
lt_cv_global_symbol_to_c_name_address='sed -n -e '\''s/^: \([^ ]*\) $/  {\"\1\", (lt_ptr) 0},/p'\'' -e '\''s/^[BCDEGRST] \([^ ]*\) \([^ ]*\)$/  {"\2", (lt_ptr) \&\2},/p'\'''
lt_cv_global_symbol_to_cdecl='sed -n -e '\''s/^. .* \(.*\)$/extern char \1;/p'\'''
lt_cv_ld_reload_flag=-r
lt_cv_path_LD='${CXX}'
lt_cv_path_NM='/usr/bin/nm -B'
lt_cv_path_SED=/bin/sed
lt_cv_prog_cc_can_build_shared=yes
lt_cv_prog_cc_no_builtin=
lt_cv_prog_cc_pic='  -fPIC'
lt_cv_prog_cc_pic_works=yes
lt_cv_prog_cc_shlib=
lt_cv_prog_cc_static=-static
lt_cv_prog_cc_static_works=yes
lt_cv_prog_cc_wl=-Wl,
lt_cv_prog_gnu_ld=no
lt_cv_sys_global_symbol_pipe='sed -n -e '\''s/^.*[ 	]\([ABCDGISTW][ABCDGISTW]*\)[ 	][ 	]*\(\)\([_A-Za-z][_A-Za-z0-9]*\)$/\1 \2\3 \3/p'\'''

## ----------------- ##
## Output variables. ##
## ----------------- ##

AR='/usr/bin/ar'
CC='gcc'
CFLAGS='-O'
CPP='gcc -E'
CPPFLAGS=''
CXX='g++'
CXXFLAGS=''
DEFS='-DHAVE_CONFIG_H'
ECHO_C=''
ECHO_N='-n'
ECHO_T=''
EGREP='/bin/grep -E'
EXEEXT=''
GREP='/bin/grep'
INCS=''
INSTALL_DATA='${INSTALL} -m 644'
INSTALL_PROGRAM='${INSTALL}'
INSTALL_SCRIPT='${INSTALL}'
LDFLAGS=''
LIBOBJS=''
LIBS=''
LTLIBOBJS=''
OBJEXT='o'
PACKAGE_BUGREPORT=''
PACKAGE_NAME=''
PACKAGE_STRING=''
PACKAGE_TARNAME=''
PACKAGE_URL=''
PACKAGE_VERSION=''
PATH_SEPARATOR=':'
PERL='/usr/bin/perl'
RANLIB='/usr/bin/ranlib'
RASTA_BUILD_INC_SPEC='-I/home/juan/software/icsi-scenic-tools-20120105/rasta '
RASTA_BUILD_LIB_SPEC='-L/home/juan/software/icsi-scenic-tools-20120105/rasta -lrasta '
RASTA_INSTALL_INC_SPEC='-I/usr/local/include '
RASTA_INSTALL_LIB_SPEC='-L/usr/local/lib -lrasta '
RASTA_SRC_DIR='/home/juan/software/icsi-scenic-tools-20120105/rasta'
RASTA_VERSION='v2_6'
SHELL='/bin/bash'
TESTS='main'
ac_ct_CC='gcc'
ac_ct_CXX='g++'
bindir='${exec_prefix}/bin'
build='x86_64-unknown-linux-gnu'
build_alias=''
build_cpu='x86_64'
build_os='linux-gnu'
build_vendor='unknown'
datadir='${datarootdir}'
datarootdir='${prefix}/share'
docdir='${datarootdir}/doc/${PACKAGE}'
dvidir='${docdir}'
exec_prefix='/usr/local'
host='x86_64-unknown-linux-gnu'
host_alias=''
host_cpu='x86_64'
host_os='linux-gnu'
host_vendor='unknown'
htmldir='${docdir}'
includedir='${prefix}/include'
infodir='${datarootdir}/info'
libdir='${exec_prefix}/lib'
libexecdir='${exec_prefix}/libexec'
localedir='${datarootdir}/locale'
localstatedir='${prefix}/var'
mandir='${datarootdir}/man'
oldincludedir='/usr/include'
pdfdir='${docdir}'
prefix='/usr/local'
program_transform_name='s,x,x,'
psdir='${docdir}'
sbindir='${exec_prefix}/sbin'
sharedstatedir='${prefix}/com'
sysconfdir='${prefix}/etc'
target='x86_64-unknown-linux-gnu'
target_alias=''
target_cpu='x86_64'
target_os='linux-gnu'
target_vendor='unknown'

## ----------- ##
## confdefs.h. ##
## ----------- ##

/* confdefs.h */
#define PACKAGE_NAME ""
#define PACKAGE_TARNAME ""
#define PACKAGE_VERSION ""
#define PACKAGE_STRING ""
#define PACKAGE_BUGREPORT ""
#define PACKAGE_URL ""
#define STDC_HEADERS 1
#define HAVE_SYS_TYPES_H 1
#define HAVE_SYS_STAT_H 1
#define HAVE_STDLIB_H 1
#define HAVE_STRING_H 1
#define HAVE_MEMORY_H 1
#define HAVE_STRINGS_H 1
#define HAVE_INTTYPES_H 1
#define HAVE_STDINT_H 1
#define HAVE_UNISTD_H 1
#define STDC_HEADERS 1

configure: exit 0
